<?xml version="1.0" encoding="UTF-8" ?>
<testsuite tests="29" failures="13" name="TestSuite" time="0.052" errors="0" skipped="0">
  <properties>
[...]
</properties>
  <testcase classname="org.rntgroup.test.PowerFunctionTest" name="unitPowTest" time="0.008"/>
  <testcase classname="org.rntgroup.test.PowerFunctionTest" name="unitPowTest" time="0.001"/>
  <testcase classname="org.rntgroup.test.PowerFunctionTest" name="unitPowTest" time="0.018">
    <failure message="Result is not correct! expected [46.7653718] but found [27.0]" type="java.lang.AssertionError">java.lang.AssertionError: Result is not correct! expected [46.7653718] but found [27.0]
	at org.testng.Assert.fail(Assert.java:111)
	at org.testng.Assert.failNotEquals(Assert.java:1578)
	at org.testng.Assert.assertEquals(Assert.java:728)
	at org.rntgroup.test.PowerFunctionTest.unitPowTest(PowerFunctionTest.java:15)
</failure>
  </testcase>
  <testcase classname="org.rntgroup.test.PowerFunctionTest" name="unitPowTest" time="0"/>
  <testcase classname="org.rntgroup.test.PowerFunctionTest" name="unitSqrtNegativeNumbersTest" time="0.003">
    <failure message="Expected exception not throw" type="java.lang.AssertionError">java.lang.AssertionError: Expected exception not throw
	at org.testng.Assert.fail(Assert.java:111)
	at org.rntgroup.test.PowerFunctionTest.unitSqrtNegativeNumbersTest(PowerFunctionTest.java:30)
</failure>
  </testcase>
  <testcase classname="org.rntgroup.test.PowerFunctionTest" name="unitSqrtTest" time="0"/>
  <testcase classname="org.rntgroup.test.PowerFunctionTest" name="unitSqrtTest" time="0.001"/>
  <testcase classname="org.rntgroup.test.PowerFunctionTest" name="unitSqrtTest" time="0.001"/>
  <testcase classname="org.rntgroup.test.SingDefinitionTest" name="unitIsNegativeTest" time="0"/>
  <testcase classname="org.rntgroup.test.SingDefinitionTest" name="unitIsNegativeTest" time="0.001"/>
  <testcase classname="org.rntgroup.test.SingDefinitionTest" name="unitIsNegativeTest" time="0.001"/>
  <testcase classname="org.rntgroup.test.SingDefinitionTest" name="unitIsPositiveTest" time="0.001"/>
  <testcase classname="org.rntgroup.test.SingDefinitionTest" name="unitIsPositiveTest" time="0.001"/>
  <testcase classname="org.rntgroup.test.SingDefinitionTest" name="unitIsPositiveTest" time="0.001"/>
  <testcase classname="org.rntgroup.test.TrigonometricFunctionTest" name="unitCosTest" time="0.003">
    <failure message="Result is not correct! expected [0.5] but found [0.8660254037844386]" type="java.lang.AssertionError">java.lang.AssertionError: Result is not correct! expected [0.5] but found [0.8660254037844386]
	at org.testng.Assert.fail(Assert.java:111)
	at org.testng.Assert.failNotEquals(Assert.java:1578)
	at org.testng.Assert.assertEquals(Assert.java:728)
	at org.rntgroup.test.TrigonometricFunctionTest.unitCosTest(TrigonometricFunctionTest.java:23)
</failure>
  </testcase>
  <testcase classname="org.rntgroup.test.TrigonometricFunctionTest" name="unitCosTest" time="0.002">
    <failure message="Result is not correct! expected [-1.0] but found [-1.2246467991473532E-16]" type="java.lang.AssertionError">java.lang.AssertionError: Result is not correct! expected [-1.0] but found [-1.2246467991473532E-16]
	at org.testng.Assert.fail(Assert.java:111)
	at org.testng.Assert.failNotEquals(Assert.java:1578)
	at org.testng.Assert.assertEquals(Assert.java:728)
	at org.rntgroup.test.TrigonometricFunctionTest.unitCosTest(TrigonometricFunctionTest.java:23)
</failure>
  </testcase>
  <testcase classname="org.rntgroup.test.TrigonometricFunctionTest" name="unitCosTest" time="0.002">
    <failure message="Result is not correct! expected [1.0] but found [0.0]" type="java.lang.AssertionError">java.lang.AssertionError: Result is not correct! expected [1.0] but found [0.0]
	at org.testng.Assert.fail(Assert.java:111)
	at org.testng.Assert.failNotEquals(Assert.java:1578)
	at org.testng.Assert.assertEquals(Assert.java:728)
	at org.rntgroup.test.TrigonometricFunctionTest.unitCosTest(TrigonometricFunctionTest.java:23)
</failure>
  </testcase>
  <testcase classname="org.rntgroup.test.TrigonometricFunctionTest" name="unitCtgTest" time="0.001">
    <failure message="Result is not correct! expected [0.0] but found [0.9171523356672744]" type="java.lang.AssertionError">java.lang.AssertionError: Result is not correct! expected [0.0] but found [0.9171523356672744]
	at org.testng.Assert.fail(Assert.java:111)
	at org.testng.Assert.failNotEquals(Assert.java:1578)
	at org.testng.Assert.assertEquals(Assert.java:728)
	at org.rntgroup.test.TrigonometricFunctionTest.unitCtgTest(TrigonometricFunctionTest.java:39)
</failure>
  </testcase>
  <testcase classname="org.rntgroup.test.TrigonometricFunctionTest" name="unitCtgTest" time="0.002">
    <failure message="Result is not correct! expected [0.404] but found [0.9606886408725873]" type="java.lang.AssertionError">java.lang.AssertionError: Result is not correct! expected [0.404] but found [0.9606886408725873]
	at org.testng.Assert.fail(Assert.java:111)
	at org.testng.Assert.failNotEquals(Assert.java:1578)
	at org.testng.Assert.assertEquals(Assert.java:728)
	at org.rntgroup.test.TrigonometricFunctionTest.unitCtgTest(TrigonometricFunctionTest.java:39)
</failure>
  </testcase>
  <testcase classname="org.rntgroup.test.TrigonometricFunctionTest" name="unitCtgTest" time="0.001">
    <failure message="Result is not correct! expected [-1.0] but found [-0.6557942026326724]" type="java.lang.AssertionError">java.lang.AssertionError: Result is not correct! expected [-1.0] but found [-0.6557942026326724]
	at org.testng.Assert.fail(Assert.java:111)
	at org.testng.Assert.failNotEquals(Assert.java:1578)
	at org.testng.Assert.assertEquals(Assert.java:728)
	at org.rntgroup.test.TrigonometricFunctionTest.unitCtgTest(TrigonometricFunctionTest.java:39)
</failure>
  </testcase>
  <testcase classname="org.rntgroup.test.TrigonometricFunctionTest" name="unitSinTest" time="0"/>
  <testcase classname="org.rntgroup.test.TrigonometricFunctionTest" name="unitSinTest" time="0">
    <failure message="Result is not correct! expected [0.5] but found [0.49999999999999994]" type="java.lang.AssertionError">java.lang.AssertionError: Result is not correct! expected [0.5] but found [0.49999999999999994]
	at org.testng.Assert.fail(Assert.java:111)
	at org.testng.Assert.failNotEquals(Assert.java:1578)
	at org.testng.Assert.assertEquals(Assert.java:728)
	at org.rntgroup.test.TrigonometricFunctionTest.unitSinTest(TrigonometricFunctionTest.java:15)
</failure>
  </testcase>
  <testcase classname="org.rntgroup.test.TrigonometricFunctionTest" name="unitSinTest" time="0"/>
  <testcase classname="org.rntgroup.test.TrigonometricFunctionTest" name="unitSinTest" time="0"/>
  <testcase classname="org.rntgroup.test.TrigonometricFunctionTest" name="unitTgTest" time="0"/>
  <testcase classname="org.rntgroup.test.TrigonometricFunctionTest" name="unitTgTest" time="0.001">
    <failure message="Result is not correct! expected [0.0] but found [1.0]" type="java.lang.AssertionError">java.lang.AssertionError: Result is not correct! expected [0.0] but found [1.0]
	at org.testng.Assert.fail(Assert.java:111)
	at org.testng.Assert.failNotEquals(Assert.java:1578)
	at org.testng.Assert.assertEquals(Assert.java:728)
	at org.rntgroup.test.TrigonometricFunctionTest.unitTgTest(TrigonometricFunctionTest.java:31)
</failure>
  </testcase>
  <testcase classname="org.rntgroup.test.TrigonometricFunctionTest" name="unitTgTest" time="0.002">
    <failure message="Result is not correct! expected [0.364] but found [1.0]" type="java.lang.AssertionError">java.lang.AssertionError: Result is not correct! expected [0.364] but found [1.0]
	at org.testng.Assert.fail(Assert.java:111)
	at org.testng.Assert.failNotEquals(Assert.java:1578)
	at org.testng.Assert.assertEquals(Assert.java:728)
	at org.rntgroup.test.TrigonometricFunctionTest.unitTgTest(TrigonometricFunctionTest.java:31)
</failure>
  </testcase>
  <testcase classname="org.rntgroup.test.TrigonometricFunctionTest" name="unitTgTest" time="0.001">
    <failure message="Result is not correct! expected [0.0] but found [1.0]" type="java.lang.AssertionError">java.lang.AssertionError: Result is not correct! expected [0.0] but found [1.0]
	at org.testng.Assert.fail(Assert.java:111)
	at org.testng.Assert.failNotEquals(Assert.java:1578)
	at org.testng.Assert.assertEquals(Assert.java:728)
	at org.rntgroup.test.TrigonometricFunctionTest.unitTgTest(TrigonometricFunctionTest.java:31)
</failure>
  </testcase>
  <testcase classname="org.rntgroup.test.TrigonometricFunctionTest" name="unitTgTest" time="0">
    <failure message="Result is not correct! expected [-1.0] but found [1.0]" type="java.lang.AssertionError">java.lang.AssertionError: Result is not correct! expected [-1.0] but found [1.0]
	at org.testng.Assert.fail(Assert.java:111)
	at org.testng.Assert.failNotEquals(Assert.java:1578)
	at org.testng.Assert.assertEquals(Assert.java:728)
	at org.rntgroup.test.TrigonometricFunctionTest.unitTgTest(TrigonometricFunctionTest.java:31)
</failure>
  </testcase>
</testsuite>